2026-04-23 09:21:37: ◇ injected env (19) from .env // tip: ◈ encrypted .env [www.dotenvx.com]
2026-04-23 09:21:37: ◇ injected env (19) from .env // tip: ⌘ enable debugging { debug: true }
2026-04-23 09:21:37: ◇ injected env (19) from .env // tip: ⌘ custom filepath { path: '/custom/path/.env' }
2026-04-23 09:21:37: ◇ injected env (19) from .env // tip: ⌘ custom filepath { path: '/custom/path/.env' }
2026-04-23 09:21:37: ◇ injected env (19) from .env // tip: ⌁ auth for agents [www.vestauth.com]
2026-04-23 09:21:37: ◇ injected env (19) from .env // tip: ⌘ suppress logs { quiet: true }
2026-04-23 09:21:37: ◇ injected env (19) from .env // tip: ⌁ auth for agents [www.vestauth.com]
2026-04-23 09:21:37: ◇ injected env (19) from .env // tip: ⌘ custom filepath { path: '/custom/path/.env' }
2026-04-23 09:21:37: ◇ injected env (19) from .env // tip: ⌘ override existing { override: true }
2026-04-23 09:21:37: ◇ injected env (19) from .env // tip: ◈ secrets for agents [www.dotenvx.com]
2026-04-23 09:21:41: ◇ injected env (19) from .env // tip: ◈ encrypted .env [www.dotenvx.com]
2026-04-23 09:21:41: ◇ injected env (19) from .env // tip: ⌘ suppress logs { quiet: true }
2026-04-23 09:21:41: ◇ injected env (19) from .env // tip: ⌘ enable debugging { debug: true }
2026-04-23 09:21:41: ◇ injected env (19) from .env // tip: ◈ encrypted .env [www.dotenvx.com]
2026-04-23 09:21:41: ◇ injected env (19) from .env // tip: ⌘ suppress logs { quiet: true }
2026-04-23 09:21:41: ◇ injected env (19) from .env // tip: ⌘ custom filepath { path: '/custom/path/.env' }
2026-04-23 09:21:41: ◇ injected env (19) from .env // tip: ⌘ multiple files { path: ['.env.local', '.env'] }
2026-04-23 09:21:41: ◇ injected env (19) from .env // tip: ◈ secrets for agents [www.dotenvx.com]
2026-04-23 09:21:41: ◇ injected env (19) from .env // tip: ⌘ override existing { override: true }
2026-04-23 09:21:41: ◇ injected env (19) from .env // tip: ⌘ custom filepath { path: '/custom/path/.env' }
2026-04-23 09:21:44: ◇ injected env (19) from .env // tip: ◈ secrets for agents [www.dotenvx.com]
2026-04-23 09:21:45: ◇ injected env (19) from .env // tip: ⌁ auth for agents [www.vestauth.com]
2026-04-23 09:21:45: ◇ injected env (19) from .env // tip: ◈ secrets for agents [www.dotenvx.com]
2026-04-23 09:21:45: ◇ injected env (19) from .env // tip: ⌘ enable debugging { debug: true }
2026-04-23 09:21:45: ◇ injected env (19) from .env // tip: ⌘ override existing { override: true }
2026-04-23 09:21:45: ◇ injected env (19) from .env // tip: ⌘ multiple files { path: ['.env.local', '.env'] }
2026-04-23 09:21:45: ◇ injected env (19) from .env // tip: ◈ secrets for agents [www.dotenvx.com]
2026-04-23 09:21:45: ◇ injected env (19) from .env // tip: ⌘ multiple files { path: ['.env.local', '.env'] }
2026-04-23 09:21:45: ◇ injected env (19) from .env // tip: ◈ encrypted .env [www.dotenvx.com]
2026-04-23 09:21:45: ◇ injected env (19) from .env // tip: ◈ secrets for agents [www.dotenvx.com]
2026-04-23 09:21:48: ◇ injected env (19) from .env // tip: ⌁ auth for agents [www.vestauth.com]
2026-04-23 09:21:48: ◇ injected env (19) from .env // tip: ⌘ suppress logs { quiet: true }
2026-04-23 09:21:48: ◇ injected env (19) from .env // tip: ⌁ auth for agents [www.vestauth.com]
2026-04-23 09:21:48: ◇ injected env (19) from .env // tip: ⌘ multiple files { path: ['.env.local', '.env'] }
2026-04-23 09:21:48: ◇ injected env (19) from .env // tip: ◈ encrypted .env [www.dotenvx.com]
2026-04-23 09:21:48: ◇ injected env (19) from .env // tip: ⌁ auth for agents [www.vestauth.com]
2026-04-23 09:21:48: ◇ injected env (19) from .env // tip: ⌘ enable debugging { debug: true }
2026-04-23 09:21:48: ◇ injected env (19) from .env // tip: ⌘ multiple files { path: ['.env.local', '.env'] }
2026-04-23 09:21:49: ◇ injected env (19) from .env // tip: ⌘ suppress logs { quiet: true }
2026-04-23 09:21:49: ◇ injected env (19) from .env // tip: ⌘ suppress logs { quiet: true }
2026-04-23 09:21:51: ◇ injected env (19) from .env // tip: ⌘ override existing { override: true }
2026-04-23 09:21:52: ◇ injected env (19) from .env // tip: ◈ secrets for agents [www.dotenvx.com]
2026-04-23 09:21:52: ◇ injected env (19) from .env // tip: ⌘ custom filepath { path: '/custom/path/.env' }
2026-04-23 09:21:52: ◇ injected env (19) from .env // tip: ⌘ enable debugging { debug: true }
2026-04-23 09:21:52: ◇ injected env (19) from .env // tip: ⌘ enable debugging { debug: true }
2026-04-23 09:21:52: ◇ injected env (19) from .env // tip: ⌘ custom filepath { path: '/custom/path/.env' }
2026-04-23 09:21:52: ◇ injected env (19) from .env // tip: ⌁ auth for agents [www.vestauth.com]
2026-04-23 09:21:52: ◇ injected env (19) from .env // tip: ◈ secrets for agents [www.dotenvx.com]
2026-04-23 09:21:52: ◇ injected env (19) from .env // tip: ⌘ override existing { override: true }
2026-04-23 09:21:52: ◇ injected env (19) from .env // tip: ⌘ multiple files { path: ['.env.local', '.env'] }
2026-04-23 09:21:55: ◇ injected env (19) from .env // tip: ⌘ suppress logs { quiet: true }
2026-04-23 09:21:55: ◇ injected env (19) from .env // tip: ⌘ multiple files { path: ['.env.local', '.env'] }
2026-04-23 09:21:55: ◇ injected env (19) from .env // tip: ⌘ multiple files { path: ['.env.local', '.env'] }
2026-04-23 09:21:55: ◇ injected env (19) from .env // tip: ⌘ custom filepath { path: '/custom/path/.env' }
2026-04-23 09:21:55: ◇ injected env (19) from .env // tip: ⌘ multiple files { path: ['.env.local', '.env'] }
2026-04-23 09:21:55: ◇ injected env (19) from .env // tip: ⌘ custom filepath { path: '/custom/path/.env' }
2026-04-23 09:21:55: ◇ injected env (19) from .env // tip: ⌘ suppress logs { quiet: true }
2026-04-23 09:21:55: ◇ injected env (19) from .env // tip: ⌘ enable debugging { debug: true }
2026-04-23 09:21:55: ◇ injected env (19) from .env // tip: ◈ encrypted .env [www.dotenvx.com]
2026-04-23 09:21:55: ◇ injected env (19) from .env // tip: ⌘ suppress logs { quiet: true }
2026-04-23 09:21:58: ◇ injected env (19) from .env // tip: ⌁ auth for agents [www.vestauth.com]
2026-04-23 09:21:58: ◇ injected env (19) from .env // tip: ⌘ enable debugging { debug: true }
2026-04-23 09:21:59: ◇ injected env (19) from .env // tip: ⌘ suppress logs { quiet: true }
2026-04-23 09:21:59: ◇ injected env (19) from .env // tip: ◈ secrets for agents [www.dotenvx.com]
2026-04-23 09:21:59: ◇ injected env (19) from .env // tip: ⌘ multiple files { path: ['.env.local', '.env'] }
2026-04-23 09:21:59: ◇ injected env (19) from .env // tip: ⌁ auth for agents [www.vestauth.com]
2026-04-23 09:21:59: ◇ injected env (19) from .env // tip: ◈ encrypted .env [www.dotenvx.com]
2026-04-23 09:21:59: ◇ injected env (19) from .env // tip: ⌘ suppress logs { quiet: true }
2026-04-23 09:21:59: ◇ injected env (19) from .env // tip: ⌘ custom filepath { path: '/custom/path/.env' }
2026-04-23 09:21:59: ◇ injected env (19) from .env // tip: ⌘ multiple files { path: ['.env.local', '.env'] }
2026-04-23 09:22:02: ◇ injected env (19) from .env // tip: ⌘ suppress logs { quiet: true }
2026-04-23 09:22:02: ◇ injected env (19) from .env // tip: ⌘ enable debugging { debug: true }
2026-04-23 09:22:02: ◇ injected env (19) from .env // tip: ◈ secrets for agents [www.dotenvx.com]
2026-04-23 09:22:02: ◇ injected env (19) from .env // tip: ⌘ multiple files { path: ['.env.local', '.env'] }
2026-04-23 09:22:02: ◇ injected env (19) from .env // tip: ⌁ auth for agents [www.vestauth.com]
2026-04-23 09:22:02: ◇ injected env (19) from .env // tip: ⌘ multiple files { path: ['.env.local', '.env'] }
2026-04-23 09:22:02: ◇ injected env (19) from .env // tip: ⌘ custom filepath { path: '/custom/path/.env' }
2026-04-23 09:22:02: ◇ injected env (19) from .env // tip: ⌘ custom filepath { path: '/custom/path/.env' }
2026-04-23 09:22:02: ◇ injected env (19) from .env // tip: ⌘ override existing { override: true }
2026-04-23 09:22:02: ◇ injected env (19) from .env // tip: ◈ secrets for agents [www.dotenvx.com]
2026-04-23 09:22:05: ◇ injected env (19) from .env // tip: ⌘ multiple files { path: ['.env.local', '.env'] }
2026-04-23 09:22:05: ◇ injected env (19) from .env // tip: ◈ secrets for agents [www.dotenvx.com]
2026-04-23 09:22:05: ◇ injected env (19) from .env // tip: ⌘ suppress logs { quiet: true }
2026-04-23 09:22:05: ◇ injected env (19) from .env // tip: ⌘ override existing { override: true }
2026-04-23 09:22:06: ◇ injected env (19) from .env // tip: ◈ secrets for agents [www.dotenvx.com]
2026-04-23 09:22:06: ◇ injected env (19) from .env // tip: ⌘ override existing { override: true }
2026-04-23 09:22:06: ◇ injected env (19) from .env // tip: ⌘ custom filepath { path: '/custom/path/.env' }
2026-04-23 09:22:06: ◇ injected env (19) from .env // tip: ⌘ custom filepath { path: '/custom/path/.env' }
2026-04-23 09:22:06: ◇ injected env (19) from .env // tip: ⌘ enable debugging { debug: true }
2026-04-23 09:22:06: ◇ injected env (19) from .env // tip: ◈ secrets for agents [www.dotenvx.com]
2026-04-23 09:22:08: ◇ injected env (19) from .env // tip: ⌘ custom filepath { path: '/custom/path/.env' }
2026-04-23 09:22:08: ◇ injected env (19) from .env // tip: ⌘ multiple files { path: ['.env.local', '.env'] }
2026-04-23 09:22:08: ◇ injected env (19) from .env // tip: ⌘ suppress logs { quiet: true }
2026-04-23 09:22:09: ◇ injected env (19) from .env // tip: ⌘ enable debugging { debug: true }
2026-04-23 09:22:09: ◇ injected env (19) from .env // tip: ⌘ suppress logs { quiet: true }
2026-04-23 09:22:09: ◇ injected env (19) from .env // tip: ⌘ enable debugging { debug: true }
2026-04-23 09:22:09: ◇ injected env (19) from .env // tip: ⌘ enable debugging { debug: true }
2026-04-23 09:22:09: ◇ injected env (19) from .env // tip: ◈ encrypted .env [www.dotenvx.com]
2026-04-23 09:22:09: ◇ injected env (19) from .env // tip: ⌘ suppress logs { quiet: true }
2026-04-23 09:22:09: ◇ injected env (19) from .env // tip: ⌘ custom filepath { path: '/custom/path/.env' }
2026-04-23 09:22:55: ◇ injected env (19) from .env // tip: ⌘ override existing { override: true }
2026-04-23 09:22:55: ◇ injected env (19) from .env // tip: ◈ secrets for agents [www.dotenvx.com]
2026-04-23 09:22:55: ◇ injected env (19) from .env // tip: ⌘ multiple files { path: ['.env.local', '.env'] }
2026-04-23 09:22:55: ◇ injected env (19) from .env // tip: ⌘ override existing { override: true }
2026-04-23 09:22:55: ◇ injected env (19) from .env // tip: ⌘ enable debugging { debug: true }
2026-04-23 09:22:55: ◇ injected env (19) from .env // tip: ⌘ enable debugging { debug: true }
2026-04-23 09:22:55: ◇ injected env (19) from .env // tip: ◈ secrets for agents [www.dotenvx.com]
2026-04-23 09:22:55: ◇ injected env (19) from .env // tip: ⌘ multiple files { path: ['.env.local', '.env'] }
2026-04-23 09:22:55: ◇ injected env (19) from .env // tip: ⌘ enable debugging { debug: true }
2026-04-23 09:22:55: ◇ injected env (19) from .env // tip: ⌘ custom filepath { path: '/custom/path/.env' }
2026-04-23 09:22:59: ◇ injected env (19) from .env // tip: ⌘ enable debugging { debug: true }
2026-04-23 09:22:59: ◇ injected env (19) from .env // tip: ⌘ enable debugging { debug: true }
2026-04-23 09:22:59: ◇ injected env (19) from .env // tip: ◈ secrets for agents [www.dotenvx.com]
2026-04-23 09:22:59: ◇ injected env (19) from .env // tip: ◈ encrypted .env [www.dotenvx.com]
2026-04-23 09:22:59: ◇ injected env (19) from .env // tip: ⌘ suppress logs { quiet: true }
2026-04-23 09:22:59: ◇ injected env (19) from .env // tip: ⌘ override existing { override: true }
2026-04-23 09:22:59: ◇ injected env (19) from .env // tip: ⌘ enable debugging { debug: true }
2026-04-23 09:22:59: ◇ injected env (19) from .env // tip: ⌘ multiple files { path: ['.env.local', '.env'] }
2026-04-23 09:22:59: ◇ injected env (19) from .env // tip: ⌘ enable debugging { debug: true }
2026-04-23 09:22:59: ◇ injected env (19) from .env // tip: ⌁ auth for agents [www.vestauth.com]
2026-04-23 09:23:03: ◇ injected env (19) from .env // tip: ◈ secrets for agents [www.dotenvx.com]
2026-04-23 09:23:03: ◇ injected env (19) from .env // tip: ⌘ multiple files { path: ['.env.local', '.env'] }
2026-04-23 09:23:03: ◇ injected env (19) from .env // tip: ⌘ custom filepath { path: '/custom/path/.env' }
2026-04-23 09:23:03: ◇ injected env (19) from .env // tip: ⌘ override existing { override: true }
2026-04-23 09:23:03: ◇ injected env (19) from .env // tip: ⌁ auth for agents [www.vestauth.com]
2026-04-23 09:23:03: ◇ injected env (19) from .env // tip: ⌘ suppress logs { quiet: true }
2026-04-23 09:23:03: ◇ injected env (19) from .env // tip: ⌘ suppress logs { quiet: true }
2026-04-23 09:23:03: ◇ injected env (19) from .env // tip: ⌁ auth for agents [www.vestauth.com]
2026-04-23 09:23:03: ◇ injected env (19) from .env // tip: ⌘ override existing { override: true }
2026-04-23 09:23:03: ◇ injected env (19) from .env // tip: ◈ encrypted .env [www.dotenvx.com]
2026-04-23 09:23:07: ◇ injected env (19) from .env // tip: ◈ secrets for agents [www.dotenvx.com]
2026-04-23 09:23:07: ◇ injected env (19) from .env // tip: ⌘ custom filepath { path: '/custom/path/.env' }
2026-04-23 09:23:07: ◇ injected env (19) from .env // tip: ⌘ enable debugging { debug: true }
2026-04-23 09:23:07: ◇ injected env (19) from .env // tip: ◈ encrypted .env [www.dotenvx.com]
2026-04-23 09:23:07: ◇ injected env (19) from .env // tip: ⌘ suppress logs { quiet: true }
2026-04-23 09:23:07: ◇ injected env (19) from .env // tip: ⌘ custom filepath { path: '/custom/path/.env' }
2026-04-23 09:23:07: ◇ injected env (19) from .env // tip: ⌘ custom filepath { path: '/custom/path/.env' }
2026-04-23 09:23:07: ◇ injected env (19) from .env // tip: ⌘ enable debugging { debug: true }
2026-04-23 09:23:07: ◇ injected env (19) from .env // tip: ◈ secrets for agents [www.dotenvx.com]
2026-04-23 09:23:07: ◇ injected env (19) from .env // tip: ⌘ custom filepath { path: '/custom/path/.env' }
2026-04-23 09:23:11: ◇ injected env (19) from .env // tip: ◈ encrypted .env [www.dotenvx.com]
2026-04-23 09:23:11: ◇ injected env (19) from .env // tip: ⌘ multiple files { path: ['.env.local', '.env'] }
2026-04-23 09:23:11: ◇ injected env (19) from .env // tip: ⌘ custom filepath { path: '/custom/path/.env' }
2026-04-23 09:23:11: ◇ injected env (19) from .env // tip: ◈ secrets for agents [www.dotenvx.com]
2026-04-23 09:23:11: ◇ injected env (19) from .env // tip: ⌁ auth for agents [www.vestauth.com]
2026-04-23 09:23:11: ◇ injected env (19) from .env // tip: ◈ secrets for agents [www.dotenvx.com]
2026-04-23 09:23:11: ◇ injected env (19) from .env // tip: ⌘ enable debugging { debug: true }
2026-04-23 09:23:11: ◇ injected env (19) from .env // tip: ⌁ auth for agents [www.vestauth.com]
2026-04-23 09:23:11: ◇ injected env (19) from .env // tip: ⌘ suppress logs { quiet: true }
2026-04-23 09:23:11: ◇ injected env (19) from .env // tip: ⌘ enable debugging { debug: true }
2026-04-23 09:23:14: ◇ injected env (19) from .env // tip: ⌘ override existing { override: true }
2026-04-23 09:23:14: ◇ injected env (19) from .env // tip: ⌘ multiple files { path: ['.env.local', '.env'] }
2026-04-23 09:23:14: ◇ injected env (19) from .env // tip: ⌘ multiple files { path: ['.env.local', '.env'] }
2026-04-23 09:23:15: ◇ injected env (19) from .env // tip: ⌘ enable debugging { debug: true }
2026-04-23 09:23:15: ◇ injected env (19) from .env // tip: ⌘ custom filepath { path: '/custom/path/.env' }
2026-04-23 09:23:15: ◇ injected env (19) from .env // tip: ⌘ multiple files { path: ['.env.local', '.env'] }
2026-04-23 09:23:15: ◇ injected env (19) from .env // tip: ◈ encrypted .env [www.dotenvx.com]
2026-04-23 09:23:15: ◇ injected env (19) from .env // tip: ⌘ multiple files { path: ['.env.local', '.env'] }
2026-04-23 09:23:15: ◇ injected env (19) from .env // tip: ⌘ suppress logs { quiet: true }
2026-04-23 09:23:15: ◇ injected env (19) from .env // tip: ⌘ override existing { override: true }
2026-04-23 09:23:18: ◇ injected env (19) from .env // tip: ⌘ enable debugging { debug: true }
2026-04-23 09:23:18: ◇ injected env (19) from .env // tip: ⌘ enable debugging { debug: true }
2026-04-23 09:23:18: ◇ injected env (19) from .env // tip: ⌘ suppress logs { quiet: true }
2026-04-23 09:23:18: ◇ injected env (19) from .env // tip: ⌘ enable debugging { debug: true }
2026-04-23 09:23:18: ◇ injected env (19) from .env // tip: ⌁ auth for agents [www.vestauth.com]
2026-04-23 09:23:18: ◇ injected env (19) from .env // tip: ⌁ auth for agents [www.vestauth.com]
2026-04-23 09:23:18: ◇ injected env (19) from .env // tip: ⌘ override existing { override: true }
2026-04-23 09:23:18: ◇ injected env (19) from .env // tip: ⌘ enable debugging { debug: true }
2026-04-23 09:23:18: ◇ injected env (19) from .env // tip: ◈ encrypted .env [www.dotenvx.com]
2026-04-23 09:23:18: ◇ injected env (19) from .env // tip: ⌘ custom filepath { path: '/custom/path/.env' }
2026-04-23 09:23:21: ◇ injected env (19) from .env // tip: ⌘ multiple files { path: ['.env.local', '.env'] }
2026-04-23 09:23:21: ◇ injected env (19) from .env // tip: ◈ encrypted .env [www.dotenvx.com]
2026-04-23 09:23:21: ◇ injected env (19) from .env // tip: ⌘ multiple files { path: ['.env.local', '.env'] }
2026-04-23 09:23:22: ◇ injected env (19) from .env // tip: ⌘ multiple files { path: ['.env.local', '.env'] }
2026-04-23 09:23:22: ◇ injected env (19) from .env // tip: ◈ secrets for agents [www.dotenvx.com]
2026-04-23 09:23:22: ◇ injected env (19) from .env // tip: ⌁ auth for agents [www.vestauth.com]
2026-04-23 09:23:22: ◇ injected env (19) from .env // tip: ⌘ custom filepath { path: '/custom/path/.env' }
2026-04-23 09:23:22: ◇ injected env (19) from .env // tip: ◈ encrypted .env [www.dotenvx.com]
2026-04-23 09:23:22: ◇ injected env (19) from .env // tip: ◈ encrypted .env [www.dotenvx.com]
2026-04-23 09:23:22: ◇ injected env (19) from .env // tip: ⌘ multiple files { path: ['.env.local', '.env'] }
2026-04-23 09:23:24: ◇ injected env (19) from .env // tip: ⌘ enable debugging { debug: true }
2026-04-23 09:23:25: ◇ injected env (19) from .env // tip: ⌘ custom filepath { path: '/custom/path/.env' }
2026-04-23 09:23:25: ◇ injected env (19) from .env // tip: ⌘ override existing { override: true }
2026-04-23 09:23:25: ◇ injected env (19) from .env // tip: ⌘ suppress logs { quiet: true }
2026-04-23 09:23:26: ◇ injected env (19) from .env // tip: ◈ encrypted .env [www.dotenvx.com]
2026-04-23 09:23:26: ◇ injected env (19) from .env // tip: ⌘ override existing { override: true }
2026-04-23 09:23:26: ◇ injected env (19) from .env // tip: ⌘ multiple files { path: ['.env.local', '.env'] }
2026-04-23 09:23:26: ◇ injected env (19) from .env // tip: ⌘ override existing { override: true }
2026-04-23 09:23:26: ◇ injected env (19) from .env // tip: ⌘ multiple files { path: ['.env.local', '.env'] }
2026-04-23 09:23:26: ◇ injected env (19) from .env // tip: ⌘ custom filepath { path: '/custom/path/.env' }
2026-04-23 09:23:28: ◇ injected env (19) from .env // tip: ◈ encrypted .env [www.dotenvx.com]
2026-04-23 09:23:28: ◇ injected env (19) from .env // tip: ⌘ multiple files { path: ['.env.local', '.env'] }
2026-04-23 09:23:28: ◇ injected env (19) from .env // tip: ⌘ override existing { override: true }
2026-04-23 09:23:29: ◇ injected env (19) from .env // tip: ◈ encrypted .env [www.dotenvx.com]
2026-04-23 09:23:29: ◇ injected env (19) from .env // tip: ◈ encrypted .env [www.dotenvx.com]
2026-04-23 09:23:29: ◇ injected env (19) from .env // tip: ⌘ enable debugging { debug: true }
2026-04-23 09:23:29: ◇ injected env (19) from .env // tip: ⌘ suppress logs { quiet: true }
2026-04-23 09:23:29: ◇ injected env (19) from .env // tip: ⌘ multiple files { path: ['.env.local', '.env'] }
2026-04-23 09:23:29: ◇ injected env (19) from .env // tip: ⌘ custom filepath { path: '/custom/path/.env' }
2026-04-23 09:23:29: ◇ injected env (19) from .env // tip: ◈ encrypted .env [www.dotenvx.com]
2026-04-23 09:39:43: ◇ injected env (19) from .env // tip: ⌘ suppress logs { quiet: true }
2026-04-23 09:39:43: ◇ injected env (19) from .env // tip: ⌘ multiple files { path: ['.env.local', '.env'] }
2026-04-23 09:39:43: ◇ injected env (19) from .env // tip: ◈ encrypted .env [www.dotenvx.com]
2026-04-23 09:39:43: ◇ injected env (19) from .env // tip: ⌘ suppress logs { quiet: true }
2026-04-23 09:39:44: ◇ injected env (19) from .env // tip: ⌘ enable debugging { debug: true }
2026-04-23 09:39:44: ◇ injected env (19) from .env // tip: ⌘ override existing { override: true }
2026-04-23 09:39:44: ◇ injected env (19) from .env // tip: ⌘ multiple files { path: ['.env.local', '.env'] }
2026-04-23 09:39:44: ◇ injected env (19) from .env // tip: ◈ encrypted .env [www.dotenvx.com]
2026-04-23 09:39:44: ◇ injected env (19) from .env // tip: ◈ secrets for agents [www.dotenvx.com]
2026-04-23 09:39:44: ◇ injected env (19) from .env // tip: ⌁ auth for agents [www.vestauth.com]
2026-04-23 09:39:48: ◇ injected env (19) from .env // tip: ⌁ auth for agents [www.vestauth.com]
2026-04-23 09:39:48: ◇ injected env (19) from .env // tip: ⌘ custom filepath { path: '/custom/path/.env' }
2026-04-23 09:39:48: ◇ injected env (19) from .env // tip: ⌁ auth for agents [www.vestauth.com]
2026-04-23 09:39:48: ◇ injected env (19) from .env // tip: ⌘ custom filepath { path: '/custom/path/.env' }
2026-04-23 09:39:48: ◇ injected env (19) from .env // tip: ⌘ multiple files { path: ['.env.local', '.env'] }
2026-04-23 09:39:48: ◇ injected env (19) from .env // tip: ⌘ multiple files { path: ['.env.local', '.env'] }
2026-04-23 09:39:48: ◇ injected env (19) from .env // tip: ⌘ enable debugging { debug: true }
2026-04-23 09:39:48: ◇ injected env (19) from .env // tip: ⌘ custom filepath { path: '/custom/path/.env' }
2026-04-23 09:39:48: ◇ injected env (19) from .env // tip: ⌁ auth for agents [www.vestauth.com]
2026-04-23 09:39:48: ◇ injected env (19) from .env // tip: ⌘ multiple files { path: ['.env.local', '.env'] }
2026-04-23 09:39:51: ◇ injected env (19) from .env // tip: ⌁ auth for agents [www.vestauth.com]
2026-04-23 09:39:51: ◇ injected env (19) from .env // tip: ◈ encrypted .env [www.dotenvx.com]
2026-04-23 09:39:51: ◇ injected env (19) from .env // tip: ◈ encrypted .env [www.dotenvx.com]
2026-04-23 09:39:51: ◇ injected env (19) from .env // tip: ◈ secrets for agents [www.dotenvx.com]
2026-04-23 09:39:51: ◇ injected env (19) from .env // tip: ◈ secrets for agents [www.dotenvx.com]
2026-04-23 09:39:51: ◇ injected env (19) from .env // tip: ◈ encrypted .env [www.dotenvx.com]
2026-04-23 09:39:51: ◇ injected env (19) from .env // tip: ◈ secrets for agents [www.dotenvx.com]
2026-04-23 09:39:51: ◇ injected env (19) from .env // tip: ⌘ custom filepath { path: '/custom/path/.env' }
2026-04-23 09:39:51: ◇ injected env (19) from .env // tip: ⌘ override existing { override: true }
2026-04-23 09:39:52: ◇ injected env (19) from .env // tip: ⌁ auth for agents [www.vestauth.com]
2026-04-23 09:39:55: ◇ injected env (19) from .env // tip: ⌘ enable debugging { debug: true }
2026-04-23 09:39:55: ◇ injected env (19) from .env // tip: ◈ secrets for agents [www.dotenvx.com]
2026-04-23 09:39:55: ◇ injected env (19) from .env // tip: ⌘ override existing { override: true }
2026-04-23 09:39:55: ◇ injected env (19) from .env // tip: ⌘ multiple files { path: ['.env.local', '.env'] }
2026-04-23 09:39:55: ◇ injected env (19) from .env // tip: ⌁ auth for agents [www.vestauth.com]
2026-04-23 09:39:55: ◇ injected env (19) from .env // tip: ◈ encrypted .env [www.dotenvx.com]
2026-04-23 09:39:55: ◇ injected env (19) from .env // tip: ◈ secrets for agents [www.dotenvx.com]
2026-04-23 09:39:55: ◇ injected env (19) from .env // tip: ⌁ auth for agents [www.vestauth.com]
2026-04-23 09:39:55: ◇ injected env (19) from .env // tip: ⌘ enable debugging { debug: true }
2026-04-23 09:39:55: ◇ injected env (19) from .env // tip: ⌘ enable debugging { debug: true }
2026-04-23 09:39:59: ◇ injected env (19) from .env // tip: ⌘ override existing { override: true }
2026-04-23 09:39:59: ◇ injected env (19) from .env // tip: ⌘ multiple files { path: ['.env.local', '.env'] }
2026-04-23 09:39:59: ◇ injected env (19) from .env // tip: ⌘ custom filepath { path: '/custom/path/.env' }
2026-04-23 09:39:59: ◇ injected env (19) from .env // tip: ◈ secrets for agents [www.dotenvx.com]
2026-04-23 09:39:59: ◇ injected env (19) from .env // tip: ⌘ suppress logs { quiet: true }
2026-04-23 09:39:59: ◇ injected env (19) from .env // tip: ◈ secrets for agents [www.dotenvx.com]
2026-04-23 09:39:59: ◇ injected env (19) from .env // tip: ⌘ enable debugging { debug: true }
2026-04-23 09:39:59: ◇ injected env (19) from .env // tip: ⌘ enable debugging { debug: true }
2026-04-23 09:39:59: ◇ injected env (19) from .env // tip: ⌁ auth for agents [www.vestauth.com]
2026-04-23 09:39:59: ◇ injected env (19) from .env // tip: ◈ encrypted .env [www.dotenvx.com]
2026-04-23 09:40:03: ◇ injected env (19) from .env // tip: ⌘ suppress logs { quiet: true }
2026-04-23 09:40:03: ◇ injected env (19) from .env // tip: ◈ encrypted .env [www.dotenvx.com]
2026-04-23 09:40:03: ◇ injected env (19) from .env // tip: ⌘ override existing { override: true }
2026-04-23 09:40:03: ◇ injected env (19) from .env // tip: ⌘ override existing { override: true }
2026-04-23 09:40:03: ◇ injected env (19) from .env // tip: ◈ encrypted .env [www.dotenvx.com]
2026-04-23 09:40:03: ◇ injected env (19) from .env // tip: ⌁ auth for agents [www.vestauth.com]
2026-04-23 09:40:03: ◇ injected env (19) from .env // tip: ⌘ enable debugging { debug: true }
2026-04-23 09:40:03: ◇ injected env (19) from .env // tip: ◈ encrypted .env [www.dotenvx.com]
2026-04-23 09:40:03: ◇ injected env (19) from .env // tip: ⌘ suppress logs { quiet: true }
2026-04-23 09:40:03: ◇ injected env (19) from .env // tip: ⌁ auth for agents [www.vestauth.com]
2026-04-23 09:40:07: ◇ injected env (19) from .env // tip: ⌁ auth for agents [www.vestauth.com]
2026-04-23 09:40:07: ◇ injected env (19) from .env // tip: ⌘ custom filepath { path: '/custom/path/.env' }
2026-04-23 09:40:07: ◇ injected env (19) from .env // tip: ⌘ override existing { override: true }
2026-04-23 09:40:07: ◇ injected env (19) from .env // tip: ⌘ suppress logs { quiet: true }
2026-04-23 09:40:07: ◇ injected env (19) from .env // tip: ⌘ enable debugging { debug: true }
2026-04-23 09:40:07: ◇ injected env (19) from .env // tip: ⌘ multiple files { path: ['.env.local', '.env'] }
2026-04-23 09:40:07: ◇ injected env (19) from .env // tip: ⌁ auth for agents [www.vestauth.com]
2026-04-23 09:40:07: ◇ injected env (19) from .env // tip: ⌘ multiple files { path: ['.env.local', '.env'] }
2026-04-23 09:40:07: ◇ injected env (19) from .env // tip: ◈ secrets for agents [www.dotenvx.com]
2026-04-23 09:40:07: ◇ injected env (19) from .env // tip: ⌘ suppress logs { quiet: true }
2026-04-23 09:40:08: Server running in development mode on port 5000
2026-04-23 09:40:08: Server running in development mode on port 5000
2026-04-23 09:40:08: Server running in development mode on port 5000
2026-04-23 09:40:08: Server running in development mode on port 5000
2026-04-23 09:40:08: Server running in development mode on port 5000
2026-04-23 09:40:08: Server running in development mode on port 5000
2026-04-23 09:40:08: Server running in development mode on port 5000
2026-04-23 09:40:08: Server running in development mode on port 5000
2026-04-23 09:40:08: Server running in development mode on port 5000
2026-04-23 09:40:08: Server running in development mode on port 5000
2026-04-23 09:40:09: MongoDB Connected: ac-wsp1opo-shard-00-02.v7wlefb.mongodb.net
2026-04-23 09:40:09: MongoDB Connected: ac-wsp1opo-shard-00-01.v7wlefb.mongodb.net
2026-04-23 09:40:09: MongoDB Connected: ac-wsp1opo-shard-00-01.v7wlefb.mongodb.net
2026-04-23 09:40:09: MongoDB Connected: ac-wsp1opo-shard-00-02.v7wlefb.mongodb.net
2026-04-23 09:40:09: MongoDB Connected: ac-wsp1opo-shard-00-00.v7wlefb.mongodb.net
2026-04-23 09:40:10: ◇ injected env (19) from .env // tip: ⌘ override existing { override: true }
2026-04-23 09:40:10: ◇ injected env (19) from .env // tip: ⌘ suppress logs { quiet: true }
2026-04-23 09:40:10: ◇ injected env (19) from .env // tip: ⌁ auth for agents [www.vestauth.com]
2026-04-23 09:40:10: ◇ injected env (19) from .env // tip: ⌘ override existing { override: true }
2026-04-23 09:40:10: ◇ injected env (19) from .env // tip: ⌁ auth for agents [www.vestauth.com]
2026-04-23 09:40:11: ◇ injected env (19) from .env // tip: ◈ secrets for agents [www.dotenvx.com]
2026-04-23 09:40:11: ◇ injected env (19) from .env // tip: ◈ encrypted .env [www.dotenvx.com]
2026-04-23 09:40:11: Server running in development mode on port 5000
2026-04-23 09:40:11: ◇ injected env (19) from .env // tip: ⌘ custom filepath { path: '/custom/path/.env' }
2026-04-23 09:40:11: Server running in development mode on port 5000
2026-04-23 09:40:11: ◇ injected env (19) from .env // tip: ⌁ auth for agents [www.vestauth.com]
2026-04-23 09:40:11: ◇ injected env (19) from .env // tip: ⌘ override existing { override: true }
2026-04-23 09:40:11: Server running in development mode on port 5000
2026-04-23 09:40:11: Server running in development mode on port 5000
2026-04-23 09:40:11: Server running in development mode on port 5000
2026-04-23 09:40:11: Server running in development mode on port 5000
2026-04-23 09:40:11: Server running in development mode on port 5000
2026-04-23 09:40:11: Server running in development mode on port 5000
2026-04-23 09:40:11: Server running in development mode on port 5000
2026-04-23 09:40:11: Server running in development mode on port 5000
2026-04-23 09:40:11: MongoDB Connected: ac-wsp1opo-shard-00-02.v7wlefb.mongodb.net
2026-04-23 09:40:11: MongoDB Connected: ac-wsp1opo-shard-00-00.v7wlefb.mongodb.net
2026-04-23 09:40:11: MongoDB Connected: ac-wsp1opo-shard-00-02.v7wlefb.mongodb.net
2026-04-23 09:40:11: MongoDB Connected: ac-wsp1opo-shard-00-01.v7wlefb.mongodb.net
2026-04-23 09:40:11: MongoDB Connected: ac-wsp1opo-shard-00-00.v7wlefb.mongodb.net
2026-04-23 09:40:12: MongoDB Connected: ac-wsp1opo-shard-00-00.v7wlefb.mongodb.net
2026-04-23 09:40:12: MongoDB Connected: ac-wsp1opo-shard-00-02.v7wlefb.mongodb.net
2026-04-23 09:40:12: MongoDB Connected: ac-wsp1opo-shard-00-01.v7wlefb.mongodb.net
2026-04-23 09:40:12: MongoDB Connected: ac-wsp1opo-shard-00-02.v7wlefb.mongodb.net
2026-04-23 09:40:12: MongoDB Connected: ac-wsp1opo-shard-00-01.v7wlefb.mongodb.net
2026-04-23 13:27:33: ◇ injected env (19) from .env // tip: ⌘ override existing { override: true }
2026-04-23 13:27:33: ◇ injected env (19) from .env // tip: ◈ secrets for agents [www.dotenvx.com]
2026-04-23 13:27:33: ◇ injected env (19) from .env // tip: ⌁ auth for agents [www.vestauth.com]
2026-04-23 13:27:33: ◇ injected env (19) from .env // tip: ⌘ multiple files { path: ['.env.local', '.env'] }
2026-04-23 13:27:33: ◇ injected env (19) from .env // tip: ◈ secrets for agents [www.dotenvx.com]
2026-04-23 13:27:33: ◇ injected env (19) from .env // tip: ⌘ custom filepath { path: '/custom/path/.env' }
2026-04-23 13:27:33: ◇ injected env (19) from .env // tip: ⌘ enable debugging { debug: true }
2026-04-23 13:27:33: ◇ injected env (19) from .env // tip: ⌘ suppress logs { quiet: true }
2026-04-23 13:27:33: ◇ injected env (19) from .env // tip: ◈ secrets for agents [www.dotenvx.com]
2026-04-23 13:27:33: ◇ injected env (19) from .env // tip: ◈ secrets for agents [www.dotenvx.com]
2026-04-23 13:27:37: ◇ injected env (19) from .env // tip: ⌘ enable debugging { debug: true }
2026-04-23 13:27:37: ◇ injected env (19) from .env // tip: ⌘ custom filepath { path: '/custom/path/.env' }
2026-04-23 13:27:37: ◇ injected env (19) from .env // tip: ⌘ multiple files { path: ['.env.local', '.env'] }
2026-04-23 13:27:37: ◇ injected env (19) from .env // tip: ◈ encrypted .env [www.dotenvx.com]
2026-04-23 13:27:37: ◇ injected env (19) from .env // tip: ⌘ override existing { override: true }
2026-04-23 13:27:37: ◇ injected env (19) from .env // tip: ⌘ override existing { override: true }
2026-04-23 13:27:37: ◇ injected env (19) from .env // tip: ⌘ override existing { override: true }
2026-04-23 13:27:37: ◇ injected env (19) from .env // tip: ⌘ multiple files { path: ['.env.local', '.env'] }
2026-04-23 13:27:37: ◇ injected env (19) from .env // tip: ⌘ enable debugging { debug: true }
2026-04-23 13:27:37: ◇ injected env (19) from .env // tip: ◈ encrypted .env [www.dotenvx.com]
2026-04-23 13:27:41: ◇ injected env (19) from .env // tip: ⌘ multiple files { path: ['.env.local', '.env'] }
2026-04-23 13:27:41: ◇ injected env (19) from .env // tip: ⌘ custom filepath { path: '/custom/path/.env' }
2026-04-23 13:27:41: ◇ injected env (19) from .env // tip: ◈ encrypted .env [www.dotenvx.com]
2026-04-23 13:27:41: ◇ injected env (19) from .env // tip: ⌘ custom filepath { path: '/custom/path/.env' }
2026-04-23 13:27:41: ◇ injected env (19) from .env // tip: ⌁ auth for agents [www.vestauth.com]
2026-04-23 13:27:41: ◇ injected env (19) from .env // tip: ⌘ enable debugging { debug: true }
2026-04-23 13:27:41: ◇ injected env (19) from .env // tip: ⌁ auth for agents [www.vestauth.com]
2026-04-23 13:27:41: ◇ injected env (19) from .env // tip: ◈ encrypted .env [www.dotenvx.com]
2026-04-23 13:27:41: ◇ injected env (19) from .env // tip: ⌘ enable debugging { debug: true }
2026-04-23 13:27:41: ◇ injected env (19) from .env // tip: ⌘ custom filepath { path: '/custom/path/.env' }
2026-04-23 13:27:45: ◇ injected env (19) from .env // tip: ⌘ custom filepath { path: '/custom/path/.env' }
2026-04-23 13:27:45: ◇ injected env (19) from .env // tip: ◈ encrypted .env [www.dotenvx.com]
2026-04-23 13:27:45: ◇ injected env (19) from .env // tip: ⌘ multiple files { path: ['.env.local', '.env'] }
2026-04-23 13:27:45: ◇ injected env (19) from .env // tip: ⌁ auth for agents [www.vestauth.com]
2026-04-23 13:27:45: ◇ injected env (19) from .env // tip: ⌘ override existing { override: true }
2026-04-23 13:27:45: ◇ injected env (19) from .env // tip: ⌘ suppress logs { quiet: true }
2026-04-23 13:27:45: ◇ injected env (19) from .env // tip: ⌘ multiple files { path: ['.env.local', '.env'] }
2026-04-23 13:27:45: ◇ injected env (19) from .env // tip: ◈ encrypted .env [www.dotenvx.com]
2026-04-23 13:27:45: ◇ injected env (19) from .env // tip: ⌘ custom filepath { path: '/custom/path/.env' }
2026-04-23 13:27:45: ◇ injected env (19) from .env // tip: ⌘ multiple files { path: ['.env.local', '.env'] }
2026-04-23 13:27:49: ◇ injected env (19) from .env // tip: ⌘ multiple files { path: ['.env.local', '.env'] }
2026-04-23 13:27:49: ◇ injected env (19) from .env // tip: ⌘ custom filepath { path: '/custom/path/.env' }
2026-04-23 13:27:49: ◇ injected env (19) from .env // tip: ◈ encrypted .env [www.dotenvx.com]
2026-04-23 13:27:49: ◇ injected env (19) from .env // tip: ⌘ suppress logs { quiet: true }
2026-04-23 13:27:49: ◇ injected env (19) from .env // tip: ◈ encrypted .env [www.dotenvx.com]
2026-04-23 13:27:49: ◇ injected env (19) from .env // tip: ◈ encrypted .env [www.dotenvx.com]
2026-04-23 13:27:49: ◇ injected env (19) from .env // tip: ◈ secrets for agents [www.dotenvx.com]
2026-04-23 13:27:49: ◇ injected env (19) from .env // tip: ⌘ custom filepath { path: '/custom/path/.env' }
2026-04-23 13:27:49: ◇ injected env (19) from .env // tip: ⌘ override existing { override: true }
2026-04-23 13:27:49: ◇ injected env (19) from .env // tip: ⌘ enable debugging { debug: true }
2026-04-23 13:27:52: ◇ injected env (19) from .env // tip: ⌁ auth for agents [www.vestauth.com]
2026-04-23 13:27:52: ◇ injected env (19) from .env // tip: ◈ secrets for agents [www.dotenvx.com]
2026-04-23 13:27:52: ◇ injected env (19) from .env // tip: ⌘ multiple files { path: ['.env.local', '.env'] }
2026-04-23 13:27:52: ◇ injected env (19) from .env // tip: ⌘ multiple files { path: ['.env.local', '.env'] }
2026-04-23 13:27:52: ◇ injected env (19) from .env // tip: ⌘ custom filepath { path: '/custom/path/.env' }
2026-04-23 13:27:52: ◇ injected env (19) from .env // tip: ⌘ custom filepath { path: '/custom/path/.env' }
2026-04-23 13:27:53: ◇ injected env (19) from .env // tip: ◈ secrets for agents [www.dotenvx.com]
2026-04-23 13:27:53: ◇ injected env (19) from .env // tip: ⌘ suppress logs { quiet: true }
2026-04-23 13:27:53: ◇ injected env (19) from .env // tip: ⌘ enable debugging { debug: true }
2026-04-23 13:27:53: ◇ injected env (19) from .env // tip: ⌘ suppress logs { quiet: true }
2026-04-23 13:27:56: ◇ injected env (19) from .env // tip: ⌁ auth for agents [www.vestauth.com]
2026-04-23 13:27:56: ◇ injected env (19) from .env // tip: ⌁ auth for agents [www.vestauth.com]
2026-04-23 13:27:56: ◇ injected env (19) from .env // tip: ⌁ auth for agents [www.vestauth.com]
2026-04-23 13:27:56: ◇ injected env (19) from .env // tip: ⌘ multiple files { path: ['.env.local', '.env'] }
2026-04-23 13:27:56: ◇ injected env (19) from .env // tip: ⌘ custom filepath { path: '/custom/path/.env' }
2026-04-23 13:27:56: ◇ injected env (19) from .env // tip: ⌘ enable debugging { debug: true }
2026-04-23 13:27:56: ◇ injected env (19) from .env // tip: ⌘ suppress logs { quiet: true }
2026-04-23 13:27:56: ◇ injected env (19) from .env // tip: ⌘ multiple files { path: ['.env.local', '.env'] }
2026-04-23 13:27:56: ◇ injected env (19) from .env // tip: ⌘ enable debugging { debug: true }
2026-04-23 13:27:56: ◇ injected env (19) from .env // tip: ⌘ enable debugging { debug: true }
2026-04-23 13:27:59: ◇ injected env (19) from .env // tip: ◈ encrypted .env [www.dotenvx.com]
2026-04-23 13:27:59: ◇ injected env (19) from .env // tip: ⌘ override existing { override: true }
2026-04-23 13:28:00: ◇ injected env (19) from .env // tip: ◈ encrypted .env [www.dotenvx.com]
2026-04-23 13:28:00: ◇ injected env (19) from .env // tip: ⌘ custom filepath { path: '/custom/path/.env' }
2026-04-23 13:28:00: ◇ injected env (19) from .env // tip: ⌘ override existing { override: true }
2026-04-23 13:28:00: ◇ injected env (19) from .env // tip: ⌁ auth for agents [www.vestauth.com]
2026-04-23 13:28:00: ◇ injected env (19) from .env // tip: ⌘ override existing { override: true }
2026-04-23 13:28:00: ◇ injected env (19) from .env // tip: ⌘ override existing { override: true }
2026-04-23 13:28:00: ◇ injected env (19) from .env // tip: ⌁ auth for agents [www.vestauth.com]
2026-04-23 13:28:00: ◇ injected env (19) from .env // tip: ⌘ enable debugging { debug: true }
2026-04-23 13:28:03: ◇ injected env (19) from .env // tip: ⌘ enable debugging { debug: true }
2026-04-23 13:28:03: ◇ injected env (19) from .env // tip: ⌘ override existing { override: true }
2026-04-23 13:28:04: ◇ injected env (19) from .env // tip: ⌁ auth for agents [www.vestauth.com]
2026-04-23 13:28:04: ◇ injected env (19) from .env // tip: ⌘ override existing { override: true }
2026-04-23 13:28:04: ◇ injected env (19) from .env // tip: ◈ encrypted .env [www.dotenvx.com]
2026-04-23 13:28:04: ◇ injected env (19) from .env // tip: ⌘ custom filepath { path: '/custom/path/.env' }
2026-04-23 13:28:04: ◇ injected env (19) from .env // tip: ⌘ override existing { override: true }
2026-04-23 13:28:04: ◇ injected env (19) from .env // tip: ⌘ override existing { override: true }
2026-04-23 13:28:04: ◇ injected env (19) from .env // tip: ◈ secrets for agents [www.dotenvx.com]
2026-04-23 13:28:04: ◇ injected env (19) from .env // tip: ⌘ suppress logs { quiet: true }
2026-04-23 13:28:06: ◇ injected env (19) from .env // tip: ◈ encrypted .env [www.dotenvx.com]
2026-04-23 13:28:06: ◇ injected env (19) from .env // tip: ◈ encrypted .env [www.dotenvx.com]
2026-04-23 13:28:07: ◇ injected env (19) from .env // tip: ◈ secrets for agents [www.dotenvx.com]
2026-04-23 13:28:07: ◇ injected env (19) from .env // tip: ⌘ override existing { override: true }
2026-04-23 13:28:07: ◇ injected env (19) from .env // tip: ⌘ enable debugging { debug: true }
2026-04-23 13:28:07: ◇ injected env (19) from .env // tip: ◈ encrypted .env [www.dotenvx.com]
2026-04-23 13:28:07: ◇ injected env (19) from .env // tip: ⌘ custom filepath { path: '/custom/path/.env' }
2026-04-23 13:28:07: ◇ injected env (19) from .env // tip: ⌘ enable debugging { debug: true }
2026-04-23 13:28:07: ◇ injected env (19) from .env // tip: ◈ encrypted .env [www.dotenvx.com]
2026-04-23 13:28:07: ◇ injected env (19) from .env // tip: ⌘ override existing { override: true }
